Traceback (most recent call last):
  File "/Users/chrislevy/Library/Caches/pypoetry/virtualenvs/teach-python-0grHqIjk-py3.6/lib/python3.6/site-packages/jupyter_cache/executors/utils.py", line 56, in single_nb_execution
    record_timing=False,
  File "/Users/chrislevy/Library/Caches/pypoetry/virtualenvs/teach-python-0grHqIjk-py3.6/lib/python3.6/site-packages/nbclient/client.py", line 1082, in execute
    return NotebookClient(nb=nb, resources=resources, km=km, **kwargs).execute()
  File "/Users/chrislevy/Library/Caches/pypoetry/virtualenvs/teach-python-0grHqIjk-py3.6/lib/python3.6/site-packages/nbclient/util.py", line 74, in wrapped
    return just_run(coro(*args, **kwargs))
  File "/Users/chrislevy/Library/Caches/pypoetry/virtualenvs/teach-python-0grHqIjk-py3.6/lib/python3.6/site-packages/nbclient/util.py", line 53, in just_run
    return loop.run_until_complete(coro)
  File "/usr/local/Cellar/python/3.6.5_1/Frameworks/Python.framework/Versions/3.6/lib/python3.6/asyncio/base_events.py", line 468, in run_until_complete
    return future.result()
  File "/Users/chrislevy/Library/Caches/pypoetry/virtualenvs/teach-python-0grHqIjk-py3.6/lib/python3.6/site-packages/nbclient/client.py", line 536, in async_execute
    cell, index, execution_count=self.code_cells_executed + 1
  File "/Users/chrislevy/Library/Caches/pypoetry/virtualenvs/teach-python-0grHqIjk-py3.6/lib/python3.6/site-packages/nbclient/client.py", line 827, in async_execute_cell
    self._check_raise_for_error(cell, exec_reply)
  File "/Users/chrislevy/Library/Caches/pypoetry/virtualenvs/teach-python-0grHqIjk-py3.6/lib/python3.6/site-packages/nbclient/client.py", line 735, in _check_raise_for_error
    raise CellExecutionError.from_cell_and_msg(cell, exec_reply['content'])
nbclient.exceptions.CellExecutionError: An error occurred while executing the following cell:
------------------
starting_temperature = 5
ending_temperature = starting_temp - 7
print(type(starting_temperature))
print(type(ending_temperature))
print(ending_temperature)
------------------

[0;31m---------------------------------------------------------------------------[0m
[0;31mNameError[0m                                 Traceback (most recent call last)
[0;32m<ipython-input-2-a25baf93f484>[0m in [0;36m<module>[0;34m[0m
[1;32m      1[0m [0mstarting_temperature[0m [0;34m=[0m [0;36m5[0m[0;34m[0m[0m
[0;32m----> 2[0;31m [0mending_temperature[0m [0;34m=[0m [0mstarting_temp[0m [0;34m-[0m [0;36m7[0m[0;34m[0m[0m
[0m[1;32m      3[0m [0mprint[0m[0;34m([0m[0mtype[0m[0;34m([0m[0mstarting_temperature[0m[0;34m)[0m[0;34m)[0m[0;34m[0m[0m
[1;32m      4[0m [0mprint[0m[0;34m([0m[0mtype[0m[0;34m([0m[0mending_temperature[0m[0;34m)[0m[0;34m)[0m[0;34m[0m[0m
[1;32m      5[0m [0mprint[0m[0;34m([0m[0mending_temperature[0m[0;34m)[0m[0;34m[0m[0m

[0;31mNameError[0m: name 'starting_temp' is not defined
NameError: name 'starting_temp' is not defined

